#! /c/Source/iverilog-install/bin/vvp
:ivl_version "12.0 (devel)" "(s20150603-1110-g18392a46)";
:ivl_delay_selection "TYPICAL";
:vpi_time_precision + 0;
:vpi_module "C:\BHARAT~1\iverilog\lib\ivl\system.vpi";
:vpi_module "C:\BHARAT~1\iverilog\lib\ivl\vhdl_sys.vpi";
:vpi_module "C:\BHARAT~1\iverilog\lib\ivl\vhdl_textio.vpi";
:vpi_module "C:\BHARAT~1\iverilog\lib\ivl\v2005_math.vpi";
:vpi_module "C:\BHARAT~1\iverilog\lib\ivl\va_math.vpi";
S_000002840bed92e0 .scope module, "testbench" "testbench" 2 1;
 .timescale 0 0;
v000002840bedba60_0 .var "clk", 0 0;
v000002840bedbb00_0 .var "d", 0 0;
v000002840bedbba0_0 .net "q", 0 0, v000002840bf95a70_0;  1 drivers
v000002840bedbc40_0 .net "q_bar", 0 0, v000002840bed66d0_0;  1 drivers
S_000002840bed9470 .scope module, "uut" "ff" 2 6, 3 1 0, S_000002840bed92e0;
 .timescale 0 0;
    .port_info 0 /INPUT 1 "d";
    .port_info 1 /INPUT 1 "clk";
    .port_info 2 /OUTPUT 1 "q";
    .port_info 3 /OUTPUT 1 "q_bar";
v000002840bed6ba0_0 .net "clk", 0 0, v000002840bedba60_0;  1 drivers
v000002840bed6980_0 .net "d", 0 0, v000002840bedbb00_0;  1 drivers
v000002840bf95a70_0 .var "q", 0 0;
v000002840bed66d0_0 .var "q_bar", 0 0;
E_000002840bedcb20 .event posedge, v000002840bed6ba0_0;
    .scope S_000002840bed9470;
T_0 ;
    %wait E_000002840bedcb20;
    %load/vec4 v000002840bed6980_0;
    %assign/vec4 v000002840bf95a70_0, 0;
    %load/vec4 v000002840bed6980_0;
    %inv;
    %assign/vec4 v000002840bed66d0_0, 0;
    %jmp T_0;
    .thread T_0;
    .scope S_000002840bed92e0;
T_1 ;
    %pushi/vec4 0, 0, 1;
    %store/vec4 v000002840bedba60_0, 0, 1;
T_1.0 ;
    %delay 5, 0;
    %load/vec4 v000002840bedba60_0;
    %inv;
    %store/vec4 v000002840bedba60_0, 0, 1;
    %jmp T_1.0;
    %end;
    .thread T_1;
    .scope S_000002840bed92e0;
T_2 ;
    %vpi_call 2 12 "$dumpfile", "waveform.vcd" {0 0 0};
    %vpi_call 2 13 "$dumpvars", 32'sb00000000000000000000000000000000, S_000002840bed92e0 {0 0 0};
    %vpi_call 2 14 "$monitor", "time=%t d=%b clk=%b q=%b q_bar=%b", $time, v000002840bedbb00_0, v000002840bedba60_0, v000002840bedbba0_0, v000002840bedbc40_0 {0 0 0};
    %pushi/vec4 0, 0, 1;
    %store/vec4 v000002840bedbb00_0, 0, 1;
    %delay 10, 0;
    %pushi/vec4 1, 0, 1;
    %store/vec4 v000002840bedbb00_0, 0, 1;
    %delay 10, 0;
    %vpi_call 2 18 "$finish" {0 0 0};
    %end;
    .thread T_2;
# The file index is used to find the file name in the following table.
:file_names 4;
    "N/A";
    "<interactive>";
    "testbench.v";
    "module.v";
